[17:35:41] [ServerMain/INFO]: [bootstrap] Running Java 21 (Java HotSpot(TM) 64-Bit Server VM 21.0.1+12-LTS-29; Oracle Corporation null) on Windows 10 10.0 (amd64)
[17:35:41] [ServerMain/INFO]: [bootstrap] Loading Paper 1.21.1-96-master@4514c71 (2024-09-22T21:50:05Z) for Minecraft 1.21.1
[17:35:42] [ServerMain/WARN]: [oshi.driver.windows.perfmon.PerfmonDisabled] Invalid registry value type detected for PerfOS counters. Should be REG_DWORD. Ignoring: HKEY_LOCAL_MACHINE\SYSTEM\CurrentControlSet\Services\PerfOS\Performance\Disable Performance Counters.
[17:35:42] [ServerMain/INFO]: [PluginInitializerManager] Initializing plugins...
[17:35:43] [Paper Plugin Remapper Thread - 0/INFO]: [PluginRemapper] Remapping plugin 'plugins\Dynmap-3.7-beta-7-spigot.jar'...
[17:35:43] [Paper Plugin Remapper Thread - 1/INFO]: [PluginRemapper] Remapping plugin 'plugins\multiverse-core-4.3.12.jar'...
[17:35:43] [Paper Plugin Remapper Thread - 2/INFO]: [PluginRemapper] Remapping plugin 'plugins\multiverse-netherportals-4.2.3.jar'...
[17:35:43] [Paper Plugin Remapper Thread - 3/INFO]: [PluginRemapper] Remapping plugin 'plugins\multiverse-portals-4.2.3.jar'...
[17:35:45] [Paper Plugin Remapper Thread - 2/INFO]: [PluginRemapper] Done remapping plugin 'plugins\multiverse-netherportals-4.2.3.jar' in 1588ms.
[17:35:45] [Paper Plugin Remapper Thread - 3/INFO]: [PluginRemapper] Done remapping plugin 'plugins\multiverse-portals-4.2.3.jar' in 1583ms.
[17:35:45] [Paper Plugin Remapper Thread - 1/INFO]: [PluginRemapper] Done remapping plugin 'plugins\multiverse-core-4.3.12.jar' in 1667ms.
[17:35:47] [Paper Plugin Remapper Thread - 0/INFO]: [PluginRemapper] Done remapping plugin 'plugins\Dynmap-3.7-beta-7-spigot.jar' in 4005ms.
[17:35:48] [ServerMain/INFO]: [PluginInitializerManager] Initialized 7 plugins
[17:35:48] [ServerMain/INFO]: [PluginInitializerManager] Bukkit plugins (7):
 - LuckPerms (5.4.141), Multiverse-Core (4.3.12), Multiverse-NetherPortals (4.2.3), Multiverse-Portals (4.2.3), WorldEdit (7.3.6+6892-3d660b8), WorldGuard (7.0.9+5934e49), dynmap (3.7-SNAPSHOT-948)
[17:35:55] [ServerMain/INFO]: Environment: Environment[sessionHost=https://sessionserver.mojang.com, servicesHost=https://api.minecraftservices.com, name=PROD]
[17:36:00] [ServerMain/INFO]: Loaded 1290 recipes
[17:36:00] [ServerMain/INFO]: Loaded 1399 advancements
[17:36:00] [Server thread/INFO]: Starting minecraft server version 1.21.1
[17:36:00] [Server thread/INFO]: Loading properties
[17:36:00] [Server thread/INFO]: This server is running Paper version 1.21.1-96-master@4514c71 (2024-09-22T21:50:05Z) (Implementing API version 1.21.1-R0.1-SNAPSHOT)
[17:36:01] [Server thread/INFO]: [spark] This server bundles the spark profiler. For more information please visit https://docs.papermc.io/paper/profiling
[17:36:01] [Server thread/INFO]: Server Ping Player Sample Count: 12
[17:36:01] [Server thread/INFO]: Using 4 threads for Netty based IO
[17:36:02] [Server thread/INFO]: [ChunkTaskScheduler] Chunk system is using 1 I/O threads, 2 worker threads, and population gen parallelism of 2 threads
[17:36:03] [Server thread/INFO]: Default game type: SURVIVAL
[17:36:03] [Server thread/INFO]: Generating keypair
[17:36:03] [Server thread/INFO]: Starting Minecraft server on *:25572
[17:36:03] [Server thread/INFO]: Using default channel type
[17:36:03] [Server thread/INFO]: Paper: Using Java compression from Velocity.
[17:36:03] [Server thread/INFO]: Paper: Using Java cipher from Velocity.
[17:36:05] [Server thread/INFO]: [Multiverse-Core] Loading server plugin Multiverse-Core v4.3.12
[17:36:06] [Server thread/INFO]: [WorldEdit] Loading server plugin WorldEdit v7.3.6+6892-3d660b8
[17:36:10] [Server thread/INFO]: Got request to register class com.sk89q.worldedit.bukkit.BukkitServerInterface with WorldEdit [com.sk89q.worldedit.extension.platform.PlatformManager@2a69ef35]
[17:36:10] [Server thread/INFO]: [Multiverse-Portals] Loading server plugin Multiverse-Portals v4.2.3
[17:36:10] [Server thread/INFO]: [LuckPerms] Loading server plugin LuckPerms v5.4.141
[17:36:11] [Server thread/INFO]: [WorldGuard] Loading server plugin WorldGuard v7.0.9+5934e49
[17:36:11] [Server thread/INFO]: [Multiverse-NetherPortals] Loading server plugin Multiverse-NetherPortals v4.2.3
[17:36:11] [Server thread/INFO]: [dynmap] Loading server plugin dynmap v3.7-SNAPSHOT-948
[17:36:11] [Server thread/INFO]: [dynmap] version=1.21.1-96-4514c71 (MC: 1.21.1)
[17:36:11] [Server thread/INFO]: [dynmap] Mod Support API available
[17:36:11] [Server thread/INFO]: Server permissions file permissions.yml is empty, ignoring it
[17:36:11] [Server thread/INFO]: [WorldEdit] Enabling WorldEdit v7.3.6+6892-3d660b8
[17:36:11] [Server thread/INFO]: Registering commands with com.sk89q.worldedit.bukkit.BukkitServerInterface
[17:36:12] [Server thread/INFO]: WEPIF: Using the Bukkit Permissions API.
[17:36:13] [Server thread/INFO]: Using com.sk89q.worldedit.bukkit.adapter.impl.v1_21.PaperweightAdapter as the Bukkit adapter
[17:36:15] [Server thread/INFO]: [LuckPerms] Enabling LuckPerms v5.4.141
[17:36:16] [Server thread/INFO]:         __    
[17:36:16] [Server thread/INFO]:   |    |__)   LuckPerms v5.4.141
[17:36:16] [Server thread/INFO]:   |___ |      Running on Bukkit - Paper
[17:36:16] [Server thread/INFO]: 
[17:36:16] [Server thread/INFO]: [LuckPerms] Loading configuration...
[17:36:16] [Server thread/INFO]: [LuckPerms] Loading storage provider... [H2]
[17:36:17] [Server thread/INFO]: [LuckPerms] Loading internal permission managers...
[17:36:17] [Server thread/INFO]: [LuckPerms] Performing initial data load...
[17:36:17] [Server thread/INFO]: [LuckPerms] Successfully enabled. (took 2010ms)
[17:36:17] [Server thread/WARN]: **** SERVER IS RUNNING IN OFFLINE/INSECURE MODE!
[17:36:17] [Server thread/WARN]: The server will make no attempt to authenticate usernames. Beware.
[17:36:17] [Server thread/WARN]: Whilst this makes it possible to use BungeeCord, unless access to your server is properly restricted, it also opens up the ability for hackers to connect with any username they choose.
[17:36:17] [Server thread/WARN]: Please see http://www.spigotmc.org/wiki/firewall-guide/ for further information.
[17:36:17] [Server thread/WARN]: To change this, set "online-mode" to "true" in the server.properties file.
[17:36:17] [Server thread/INFO]: Preparing level "world"
[17:36:19] [Server thread/INFO]: Preparing start region for dimension minecraft:overworld
[17:36:22] [Server thread/INFO]: Time elapsed: 3451 ms
[17:36:22] [Server thread/INFO]: Preparing start region for dimension minecraft:the_nether
[17:36:23] [Server thread/INFO]: Time elapsed: 167 ms
[17:36:23] [Server thread/INFO]: Preparing start region for dimension minecraft:the_end
[17:36:23] [Server thread/INFO]: Time elapsed: 139 ms
[17:36:23] [Server thread/INFO]: [Multiverse-Core] Enabling Multiverse-Core v4.3.12
[17:36:23] [Server thread/WARN]: [Multiverse-Core] "Multiverse-Core v4.3.12" has registered a listener for org.bukkit.event.entity.EntityCreatePortalEvent on method "public void com.onarandombox.MultiverseCore.listeners.MVPortalListener.entityPortalCreate(org.bukkit.event.entity.EntityCreatePortalEvent)", but the event is Deprecated. "Server performance will be affected"; please notify the authors [dumptruckman, Rigby, fernferret, lithium3141, main--].
[17:36:23] [Server thread/INFO]: [Multiverse-Core] §aWe are aware of the warning about the deprecated event. There is no alternative that allows us to do what we need to do and performance impact is negligible. It is safe to ignore.
[17:36:23] [Server thread/WARN]: [Multiverse-Core] Cannot load worlds.yml
[17:36:23] [Server thread/INFO]: [Multiverse-Core] Loading World & Settings - 'world' - Env: NORMAL - Type: NORMAL & seed: -5749838183040049356
[17:36:23] [Server thread/INFO]: [Multiverse-Core] Loading World & Settings - 'world_nether' - Env: NETHER - Type: NORMAL & seed: -5749838183040049356
[17:36:23] [Server thread/INFO]: [Multiverse-Core] Loading World & Settings - 'world_the_end' - Env: THE_END - Type: NORMAL & seed: -5749838183040049356
[17:36:23] [Server thread/INFO]: [Multiverse-Core] 3 - World(s) loaded.
[17:36:23] [Server thread/WARN]: [Multiverse-Core] Buscript failed to load! The script command will be disabled! If you would like not to see this message, use `/mv conf enablebuscript false` to disable Buscript from loading.
[17:36:23] [Server thread/INFO]: [Multiverse-Core] Version 4.3.12 (API v24) Enabled - By dumptruckman, Rigby, fernferret, lithium3141 and main--
[17:36:23] [Server thread/INFO]: [Multiverse-Portals] Enabling Multiverse-Portals v4.2.3
[17:36:23] [Server thread/INFO]: [Multiverse-Portals] 0 - Portals(s) loaded
[17:36:23] [Server thread/INFO]: [Multiverse-Portals] Found WorldEdit. Using it for selections.
[17:36:23] [Server thread/INFO]: [Multiverse-Portals 4.2.3]  Enabled - By Rigby and fernferret
[17:36:23] [Server thread/INFO]: [WorldGuard] Enabling WorldGuard v7.0.9+5934e49
[17:36:24] [Server thread/INFO]: [WorldGuard] (world) TNT ignition is PERMITTED.
[17:36:24] [Server thread/INFO]: [WorldGuard] (world) Lighters are PERMITTED.
[17:36:24] [Server thread/INFO]: [WorldGuard] (world) Lava fire is PERMITTED.
[17:36:24] [Server thread/INFO]: [WorldGuard] (world) Fire spread is UNRESTRICTED.
[17:36:24] [Server thread/INFO]: [WorldGuard] Loaded configuration for world 'world'
[17:36:24] [Server thread/INFO]: [WorldGuard] (world_nether) TNT ignition is PERMITTED.
[17:36:24] [Server thread/INFO]: [WorldGuard] (world_nether) Lighters are PERMITTED.
[17:36:24] [Server thread/INFO]: [WorldGuard] (world_nether) Lava fire is PERMITTED.
[17:36:24] [Server thread/INFO]: [WorldGuard] (world_nether) Fire spread is UNRESTRICTED.
[17:36:24] [Server thread/INFO]: [WorldGuard] Loaded configuration for world 'world_nether'
[17:36:24] [Server thread/INFO]: [WorldGuard] (world_the_end) TNT ignition is PERMITTED.
[17:36:24] [Server thread/INFO]: [WorldGuard] (world_the_end) Lighters are PERMITTED.
[17:36:24] [Server thread/INFO]: [WorldGuard] (world_the_end) Lava fire is PERMITTED.
[17:36:24] [Server thread/INFO]: [WorldGuard] (world_the_end) Fire spread is UNRESTRICTED.
[17:36:24] [Server thread/INFO]: [WorldGuard] Loaded configuration for world 'world_the_end'
[17:36:24] [Server thread/INFO]: [WorldGuard] Loading region data...
[17:36:25] [Server thread/INFO]: [Multiverse-NetherPortals] Enabling Multiverse-NetherPortals v4.2.3
[17:36:25] [Server thread/INFO]: [Multiverse-NetherPortals] Creating new config.yml
[17:36:25] [Server thread/INFO]: [Multiverse-NetherPortals 4.2.3]  Enabled - By Rigby and fernferret
[17:36:25] [Server thread/INFO]: [dynmap] Enabling dynmap v3.7-SNAPSHOT-948
[17:36:26] [Server thread/INFO]: [dynmap] Added 20 custom biome mappings
[17:36:26] [Server thread/INFO]: [dynmap] Using LuckPerms 5.4.141 for access control
[17:36:29] [Server thread/INFO]: [dynmap] Extracted files upgraded
[17:36:30] [Server thread/INFO]: [dynmap] Mod Support processing completed
[17:36:35] [Server thread/INFO]: [dynmap] Loaded 27 shaders.
[17:36:35] [Server thread/INFO]: [dynmap] Loaded 83 perspectives.
[17:36:35] [Server thread/INFO]: [dynmap] Loaded 22 lightings.
[17:36:35] [Server thread/INFO]: [dynmap] Starting enter/exit processing
[17:36:36] [Dynmap Render Thread/INFO]: [dynmap] Finish marker initialization
[17:36:39] [Server thread/INFO]: [dynmap] Web server started on address 0.0.0.0:8123
[17:36:39] [Server thread/INFO]: [dynmap] version 3.7-SNAPSHOT-948 is enabled - core version 3.7-SNAPSHOT-949
[17:36:39] [Server thread/INFO]: [dynmap] For support, visit our Discord at https://discord.gg/s3rd5qn
[17:36:39] [Server thread/INFO]: [dynmap] For news, visit https://reddit.com/r/Dynmap or follow https://universeodon.com/@dynmap
[17:36:39] [Server thread/INFO]: [dynmap] To report or track bugs, visit https://github.com/webbukkit/dynmap/issues
[17:36:39] [Server thread/INFO]: [dynmap] If you'd like to donate, please visit https://www.patreon.com/dynmap or https://ko-fi.com/michaelprimm
[17:36:39] [Server thread/INFO]: [dynmap] Loaded 3 maps of world 'world'.
[17:36:39] [Server thread/INFO]: [dynmap] Loaded 2 maps of world 'world_nether'.
[17:36:39] [Server thread/INFO]: [dynmap] Loaded 2 maps of world 'world_the_end'.
[17:36:39] [Server thread/INFO]: [dynmap] Enabled
[17:36:40] [Server thread/INFO]: [spark] Starting background profiler...
[17:36:40] [Server thread/INFO]: [spark] The async-profiler engine is not supported for your os/arch (windows10/amd64), so the built-in Java engine will be used instead.
[17:36:41] [Server thread/INFO]: Done preparing level "world" (23.538s)
[17:36:41] [Server thread/INFO]: Running delayed init tasks
[17:36:41] [Server thread/INFO]: Done (61.706s)! For help, type "help"
[17:36:41] [Server thread/INFO]: Timings Reset
[17:36:44] [Server thread/WARN]: Can't keep up! Is the server overloaded? Running 2855ms or 57 ticks behind
[17:43:27] [Server thread/INFO]: Server Plugins (7):
[17:43:27] [Server thread/INFO]: Bukkit Plugins:
[17:43:27] [Server thread/INFO]:  - dynmap, LuckPerms, Multiverse-Core, Multiverse-NetherPortals, Multiverse-Portals, WorldEdit, WorldGuard
[17:45:13] [Server thread/INFO]: Stopping the server
[17:45:13] [Server thread/INFO]: Stopping server
[17:45:13] [Server thread/INFO]: [dynmap] Disabling dynmap v3.7-SNAPSHOT-948
[17:45:13] [Server thread/INFO]: [dynmap] Unloaded 11 components.
[17:45:13] [Server thread/INFO]: [dynmap] Stopping map renderer...
[17:45:14] [Server thread/INFO]: [dynmap] Disabled
[17:45:14] [Server thread/INFO]: [Multiverse-NetherPortals] Disabling Multiverse-NetherPortals v4.2.3
[17:45:14] [Server thread/INFO]: [Multiverse-NetherPortals] - Disabled
[17:45:14] [Server thread/INFO]: [WorldGuard] Disabling WorldGuard v7.0.9+5934e49
[17:45:14] [Server thread/INFO]: [WorldGuard] Shutting down executor and cancelling any pending tasks...
[17:45:14] [Server thread/INFO]: [LuckPerms] Disabling LuckPerms v5.4.141
[17:45:14] [Server thread/INFO]: [LuckPerms] Starting shutdown process...
[17:45:14] [Server thread/INFO]: [LuckPerms] Closing storage...
[17:45:14] [Server thread/INFO]: [LuckPerms] Goodbye!
[17:45:14] [Server thread/INFO]: [Multiverse-Portals] Disabling Multiverse-Portals v4.2.3
[17:45:14] [Server thread/INFO]: [WorldEdit] Disabling WorldEdit v7.3.6+6892-3d660b8
[17:45:14] [Server thread/INFO]: Unregistering com.sk89q.worldedit.bukkit.BukkitServerInterface from WorldEdit
[17:45:14] [Server thread/INFO]: [Multiverse-Core] Disabling Multiverse-Core v4.3.12
[17:45:14] [Server thread/INFO]: Saving players
[17:45:14] [Server thread/INFO]: Saving worlds
[17:45:14] [Server thread/INFO]: Saving chunks for level 'ServerLevel[world]'/minecraft:overworld
[17:45:14] [Server thread/INFO]: [ChunkHolderManager] Waiting 60s for chunk system to halt for world 'world'
[17:45:14] [Server thread/INFO]: [ChunkHolderManager] Halted chunk system for world 'world'
[17:45:14] [Server thread/INFO]: [ChunkHolderManager] Saving all chunkholders for world 'world'
[17:45:14] [Server thread/INFO]: [ChunkHolderManager] Saved 1 block chunks, 27 entity chunks, 0 poi chunks in world 'world' in 0.03s
[17:45:14] [Server thread/INFO]: Saving chunks for level 'ServerLevel[world_nether]'/minecraft:the_nether
[17:45:14] [Server thread/INFO]: [ChunkHolderManager] Waiting 60s for chunk system to halt for world 'world_nether'
[17:45:14] [Server thread/INFO]: [ChunkHolderManager] Halted chunk system for world 'world_nether'
[17:45:14] [Server thread/INFO]: [ChunkHolderManager] Saving all chunkholders for world 'world_nether'
[17:45:14] [Server thread/INFO]: [ChunkHolderManager] Saved 0 block chunks, 2 entity chunks, 0 poi chunks in world 'world_nether' in 0.00s
[17:45:14] [Server thread/INFO]: Saving chunks for level 'ServerLevel[world_the_end]'/minecraft:the_end
[17:45:14] [Server thread/INFO]: [ChunkHolderManager] Waiting 60s for chunk system to halt for world 'world_the_end'
[17:45:14] [Server thread/INFO]: [ChunkHolderManager] Halted chunk system for world 'world_the_end'
[17:45:14] [Server thread/INFO]: [ChunkHolderManager] Saving all chunkholders for world 'world_the_end'
[17:45:14] [Server thread/INFO]: [ChunkHolderManager] Saved 0 block chunks, 10 entity chunks, 0 poi chunks in world 'world_the_end' in 0.01s
[17:45:14] [Server thread/INFO]: ThreadedAnvilChunkStorage (world): All chunks are saved
[17:45:14] [Server thread/INFO]: ThreadedAnvilChunkStorage (DIM-1): All chunks are saved
[17:45:14] [Server thread/INFO]: ThreadedAnvilChunkStorage (DIM1): All chunks are saved
[17:45:14] [Server thread/INFO]: ThreadedAnvilChunkStorage: All dimensions are saved
